<?xml version="1.0" encoding="UTF-8"?>
<!-- Generated by org.testng.reporters.JUnitReportReporter -->
<testsuite hostname="Rohan-PC" name="com.ds.rough.TestNG_DataProvider" tests="4" failures="0" timestamp="7 Sep 2019 07:06:17 GMT" time="0.024" errors="0">
  <testcase name="testDatat" time="0.013" classname="com.ds.rough.TestNG_DataProvider"/>
  <testcase name="testDatat" time="0.001" classname="com.ds.rough.TestNG_DataProvider"/>
  <testcase name="testDatat" time="0.009" classname="com.ds.rough.TestNG_DataProvider"/>
  <testcase name="testDatat" time="0.001" classname="com.ds.rough.TestNG_DataProvider"/>
</testsuite> <!-- com.ds.rough.TestNG_DataProvider -->
