<?xml version="1.0" encoding="UTF-8"?>
<!-- Generated by org.testng.reporters.JUnitReportReporter -->
<testsuite hostname="Rohan-PC" name="com.ds.testcases.LoginTest" tests="1" failures="0" timestamp="31 Aug 2019 15:48:46 GMT" time="0.283" errors="0">
  <testcase name="loginAsBankManager" time="0.283" classname="com.ds.testcases.LoginTest"/>
</testsuite> <!-- com.ds.testcases.LoginTest -->
